  EBO.cpp
D:\galinpin\GCAtanasov\Visual Studio\OpenGL_First_try\EBO.cpp(1,10): warning C4067: unexpected tokens following preprocessor directive - expected a newline
  Main.cpp
  Shaders.cpp
  VAO.cpp
  VBO.cpp
D:\galinpin\GCAtanasov\Visual Studio\OpenGL_First_try\VBO.cpp(1,10): warning C4067: unexpected tokens following preprocessor directive - expected a newline
  Generating Code...
  glad.c
glfw3.lib(init.obj) : warning LNK4099: PDB 'glfw3.pdb' was not found with 'glfw3.lib(init.obj)' or at 'D:\galinpin\GCAtanasov\Visual Studio\OpenGL_First_try\x64\Debug\glfw3.pdb'; linking object as if no debug info
glfw3.lib(window.obj) : warning LNK4099: PDB 'glfw3.pdb' was not found with 'glfw3.lib(window.obj)' or at 'D:\galinpin\GCAtanasov\Visual Studio\OpenGL_First_try\x64\Debug\glfw3.pdb'; linking object as if no debug info
glfw3.lib(context.obj) : warning LNK4099: PDB 'glfw3.pdb' was not found with 'glfw3.lib(context.obj)' or at 'D:\galinpin\GCAtanasov\Visual Studio\OpenGL_First_try\x64\Debug\glfw3.pdb'; linking object as if no debug info
glfw3.lib(input.obj) : warning LNK4099: PDB 'glfw3.pdb' was not found with 'glfw3.lib(input.obj)' or at 'D:\galinpin\GCAtanasov\Visual Studio\OpenGL_First_try\x64\Debug\glfw3.pdb'; linking object as if no debug info
glfw3.lib(win32_init.obj) : warning LNK4099: PDB 'glfw3.pdb' was not found with 'glfw3.lib(win32_init.obj)' or at 'D:\galinpin\GCAtanasov\Visual Studio\OpenGL_First_try\x64\Debug\glfw3.pdb'; linking object as if no debug info
glfw3.lib(win32_monitor.obj) : warning LNK4099: PDB 'glfw3.pdb' was not found with 'glfw3.lib(win32_monitor.obj)' or at 'D:\galinpin\GCAtanasov\Visual Studio\OpenGL_First_try\x64\Debug\glfw3.pdb'; linking object as if no debug info
glfw3.lib(win32_time.obj) : warning LNK4099: PDB 'glfw3.pdb' was not found with 'glfw3.lib(win32_time.obj)' or at 'D:\galinpin\GCAtanasov\Visual Studio\OpenGL_First_try\x64\Debug\glfw3.pdb'; linking object as if no debug info
glfw3.lib(win32_thread.obj) : warning LNK4099: PDB 'glfw3.pdb' was not found with 'glfw3.lib(win32_thread.obj)' or at 'D:\galinpin\GCAtanasov\Visual Studio\OpenGL_First_try\x64\Debug\glfw3.pdb'; linking object as if no debug info
glfw3.lib(monitor.obj) : warning LNK4099: PDB 'glfw3.pdb' was not found with 'glfw3.lib(monitor.obj)' or at 'D:\galinpin\GCAtanasov\Visual Studio\OpenGL_First_try\x64\Debug\glfw3.pdb'; linking object as if no debug info
glfw3.lib(vulkan.obj) : warning LNK4099: PDB 'glfw3.pdb' was not found with 'glfw3.lib(vulkan.obj)' or at 'D:\galinpin\GCAtanasov\Visual Studio\OpenGL_First_try\x64\Debug\glfw3.pdb'; linking object as if no debug info
glfw3.lib(win32_window.obj) : warning LNK4099: PDB 'glfw3.pdb' was not found with 'glfw3.lib(win32_window.obj)' or at 'D:\galinpin\GCAtanasov\Visual Studio\OpenGL_First_try\x64\Debug\glfw3.pdb'; linking object as if no debug info
glfw3.lib(win32_joystick.obj) : warning LNK4099: PDB 'glfw3.pdb' was not found with 'glfw3.lib(win32_joystick.obj)' or at 'D:\galinpin\GCAtanasov\Visual Studio\OpenGL_First_try\x64\Debug\glfw3.pdb'; linking object as if no debug info
glfw3.lib(wgl_context.obj) : warning LNK4099: PDB 'glfw3.pdb' was not found with 'glfw3.lib(wgl_context.obj)' or at 'D:\galinpin\GCAtanasov\Visual Studio\OpenGL_First_try\x64\Debug\glfw3.pdb'; linking object as if no debug info
glfw3.lib(egl_context.obj) : warning LNK4099: PDB 'glfw3.pdb' was not found with 'glfw3.lib(egl_context.obj)' or at 'D:\galinpin\GCAtanasov\Visual Studio\OpenGL_First_try\x64\Debug\glfw3.pdb'; linking object as if no debug info
glfw3.lib(osmesa_context.obj) : warning LNK4099: PDB 'glfw3.pdb' was not found with 'glfw3.lib(osmesa_context.obj)' or at 'D:\galinpin\GCAtanasov\Visual Studio\OpenGL_First_try\x64\Debug\glfw3.pdb'; linking object as if no debug info
  OpenGL_First_try.vcxproj -> D:\galinpin\GCAtanasov\Visual Studio\OpenGL_First_try\x64\Debug\OpenGL_First_try.exe
